<?xml version="1.0" encoding="UTF-8"?>
<!-- Generated by org.testng.reporters.JUnitReportReporter -->
<testsuite hostname="DESKTOP-50MLDDI" failures="0" tests="1" name="selenium.tests.Tmp" time="0.760" errors="0" timestamp="2023-01-09T17:24:27 MEZ" skipped="0">
  <testcase classname="selenium.tests.Tmp" name="test1" time="0.760"/>
</testsuite> <!-- selenium.tests.Tmp -->
