<?xml version="1.0" encoding="UTF-8"?>
<!-- Generated by org.testng.reporters.JUnitReportReporter -->
<testsuite hostname="DESKTOP-50MLDDI" failures="0" tests="4" name="selenium.tests.RegistrationValidBusiness" time="3.588" errors="0" timestamp="2023-01-09T17:24:26 MEZ" skipped="0">
  <testcase classname="selenium.tests.RegistrationValidBusiness" name="tabTest" time="0.322"/>
  <testcase classname="selenium.tests.RegistrationValidBusiness" name="registrationCorrectFormat" time="1.070"/>
  <testcase classname="selenium.tests.RegistrationValidBusiness" name="forwardRegTest" time="1.105"/>
  <testcase classname="selenium.tests.RegistrationValidBusiness" name="registrationCorrect" time="1.091"/>
</testsuite> <!-- selenium.tests.RegistrationValidBusiness -->
