<?xml version="1.0" encoding="UTF-8"?>
<!-- Generated by org.testng.reporters.JUnitReportReporter -->
<testsuite hostname="DESKTOP-50MLDDI" failures="0" tests="8" name="selenium.tests.RegistrationInvalidStudent" time="6.997" errors="0" timestamp="2023-01-09T17:24:26 MEZ" skipped="0">
  <testcase classname="selenium.tests.RegistrationInvalidStudent" name="titleHeadline" time="0.226"/>
  <testcase classname="selenium.tests.RegistrationInvalidStudent" name="registrationFailCommonPassword" time="1.621"/>
  <testcase classname="selenium.tests.RegistrationInvalidStudent" name="registrationFailWrongFormat" time="1.186"/>
  <testcase classname="selenium.tests.RegistrationInvalidStudent" name="registrationFailName" time="0.866"/>
  <testcase classname="selenium.tests.RegistrationInvalidStudent" name="registrationFailPassword" time="0.837"/>
  <testcase classname="selenium.tests.RegistrationInvalidStudent" name="registrationFailWrongFormat2" time="1.151"/>
  <testcase classname="selenium.tests.RegistrationInvalidStudent" name="tabTest" time="0.269"/>
  <testcase classname="selenium.tests.RegistrationInvalidStudent" name="registrationFailEmail" time="0.841"/>
</testsuite> <!-- selenium.tests.RegistrationInvalidStudent -->
