<?xml version="1.0" encoding="UTF-8"?>
<!-- Generated by org.testng.reporters.JUnitReportReporter -->
<testsuite hostname="DESKTOP-50MLDDI" failures="0" tests="4" name="selenium.tests.RegistrationValidStudent" time="4.275" errors="0" timestamp="2023-01-09T17:24:26 MEZ" skipped="2">
  <testcase classname="selenium.tests.RegistrationValidStudent" name="forwardRegTest" time="3.032"/>
  <testcase classname="selenium.tests.RegistrationValidStudent" name="registrationCorrect" time="1.243"/>
  <testcase classname="selenium.tests.RegistrationValidStudent" name="registrationCorrectFormat">
    <skipped/>
  </testcase> <!-- registrationCorrectFormat -->
  <testcase classname="selenium.tests.RegistrationValidStudent" name="tabTest">
    <skipped/>
  </testcase> <!-- tabTest -->
</testsuite> <!-- selenium.tests.RegistrationValidStudent -->
